# JRE version: OpenJDK Runtime Environment (8.0_112-b06) (build 1.8.0_112-release-b06)
# Java VM: OpenJDK 64-Bit Server VM (25.112-b06 mixed mode windows-amd64 compressed oops)
Heap:
 PSYoungGen      total 205824K, used 36991K [0x00000000e0000000, 0x00000000f1100000, 0x0000000100000000)
  eden space 183296K, 7% used [0x00000000e0000000,0x00000000e0e23828,0x00000000eb300000)
  from space 22528K, 99% used [0x00000000eb300000,0x00000000ec8fc4a0,0x00000000ec900000)
  to   space 29696K, 0% used [0x00000000ef400000,0x00000000ef400000,0x00000000f1100000)
 ParOldGen       total 100352K, used 50180K [0x00000000a0000000, 0x00000000a6200000, 0x00000000e0000000)
  object space 100352K, 50% used [0x00000000a0000000,0x00000000a3101280,0x00000000a6200000)
 Metaspace       used 63208K, capacity 65242K, committed 65536K, reserved 1105920K
  class space    used 8209K, capacity 8640K, committed 8704K, reserved 1048576K
GC Heap History (10 events):
Event: 135.544 GC heap before
{Heap before GC invocations=15 (full 2):
 PSYoungGen      total 144384K, used 56740K [0x00000000e0000000, 0x00000000ea700000, 0x0000000100000000)
  eden space 128512K, 31% used [0x00000000e0000000,0x00000000e27ec2a0,0x00000000e7d80000)
  from space 15872K, 99% used [0x00000000e9080000,0x00000000e9ffcf88,0x00000000ea000000)
  to   space 19456K, 0% used [0x00000000e7d80000,0x00000000e7d80000,0x00000000e9080000)
 ParOldGen       total 59904K, used 25446K [0x00000000a0000000, 0x00000000a3a80000, 0x00000000e0000000)
  object space 59904K, 42% used [0x00000000a0000000,0x00000000a18d9880,0x00000000a3a80000)
 Metaspace       used 57399K, capacity 59030K, committed 59160K, reserved 1099776K
  class space    used 7673K, capacity 8020K, committed 8064K, reserved 1048576K
Event: 135.587 GC heap after
Heap after GC invocations=15 (full 2):
 PSYoungGen      total 147968K, used 19447K [0x00000000e0000000, 0x00000000ec680000, 0x0000000100000000)
  eden space 128512K, 0% used [0x00000000e0000000,0x00000000e0000000,0x00000000e7d80000)
  from space 19456K, 99% used [0x00000000e7d80000,0x00000000e907de40,0x00000000e9080000)
  to   space 25088K, 0% used [0x00000000eae00000,0x00000000eae00000,0x00000000ec680000)
 ParOldGen       total 59904K, used 32381K [0x00000000a0000000, 0x00000000a3a80000, 0x00000000e0000000)
  object space 59904K, 54% used [0x00000000a0000000,0x00000000a1f9f520,0x00000000a3a80000)
 Metaspace       used 57399K, capacity 59030K, committed 59160K, reserved 1099776K
  class space    used 7673K, capacity 8020K, committed 8064K, reserved 1048576K
}
Event: 135.587 GC heap before
{Heap before GC invocations=16 (full 3):
 PSYoungGen      total 147968K, used 19447K [0x00000000e0000000, 0x00000000ec680000, 0x0000000100000000)
  eden space 128512K, 0% used [0x00000000e0000000,0x00000000e0000000,0x00000000e7d80000)
  from space 19456K, 99% used [0x00000000e7d80000,0x00000000e907de40,0x00000000e9080000)
  to   space 25088K, 0% used [0x00000000eae00000,0x00000000eae00000,0x00000000ec680000)
 ParOldGen       total 59904K, used 32381K [0x00000000a0000000, 0x00000000a3a80000, 0x00000000e0000000)
  object space 59904K, 54% used [0x00000000a0000000,0x00000000a1f9f520,0x00000000a3a80000)
 Metaspace       used 57399K, capacity 59030K, committed 59160K, reserved 1099776K
  class space    used 7673K, capacity 8020K, committed 8064K, reserved 1048576K
Event: 136.740 GC heap after
Heap after GC invocations=16 (full 3):
 PSYoungGen      total 147968K, used 0K [0x00000000e0000000, 0x00000000ec680000, 0x0000000100000000)
  eden space 128512K, 0% used [0x00000000e0000000,0x00000000e0000000,0x00000000e7d80000)
  from space 19456K, 0% used [0x00000000e7d80000,0x00000000e7d80000,0x00000000e9080000)
  to   space 25088K, 0% used [0x00000000eae00000,0x00000000eae00000,0x00000000ec680000)
 ParOldGen       total 100352K, used 40260K [0x00000000a0000000, 0x00000000a6200000, 0x00000000e0000000)
  object space 100352K, 40% used [0x00000000a0000000,0x00000000a2751360,0x00000000a6200000)
 Metaspace       used 57397K, capacity 59024K, committed 59160K, reserved 1099776K
  class space    used 7672K, capacity 8019K, committed 8064K, reserved 1048576K
}
Event: 205.379 GC heap before
{Heap before GC invocations=17 (full 3):
 PSYoungGen      total 147968K, used 128512K [0x00000000e0000000, 0x00000000ec680000, 0x0000000100000000)
  eden space 128512K, 100% used [0x00000000e0000000,0x00000000e7d80000,0x00000000e7d80000)
  from space 19456K, 0% used [0x00000000e7d80000,0x00000000e7d80000,0x00000000e9080000)
  to   space 25088K, 0% used [0x00000000eae00000,0x00000000eae00000,0x00000000ec680000)
 ParOldGen       total 100352K, used 40260K [0x00000000a0000000, 0x00000000a6200000, 0x00000000e0000000)
  object space 100352K, 40% used [0x00000000a0000000,0x00000000a2751360,0x00000000a6200000)
 Metaspace       used 58822K, capacity 60508K, committed 60800K, reserved 1101824K
  class space    used 7805K, capacity 8213K, committed 8320K, reserved 1048576K
Event: 205.407 GC heap after
Heap after GC invocations=17 (full 3):
 PSYoungGen      total 171008K, used 7581K [0x00000000e0000000, 0x00000000ec200000, 0x0000000100000000)
  eden space 150528K, 0% used [0x00000000e0000000,0x00000000e0000000,0x00000000e9300000)
  from space 20480K, 37% used [0x00000000eae00000,0x00000000eb5675d0,0x00000000ec200000)
  to   space 24064K, 0% used [0x00000000e9300000,0x00000000e9300000,0x00000000eaa80000)
 ParOldGen       total 100352K, used 40268K [0x00000000a0000000, 0x00000000a6200000, 0x00000000e0000000)
  object space 100352K, 40% used [0x00000000a0000000,0x00000000a2753360,0x00000000a6200000)
 Metaspace       used 58822K, capacity 60508K, committed 60800K, reserved 1101824K
  class space    used 7805K, capacity 8213K, committed 8320K, reserved 1048576K
}
Event: 205.855 GC heap before
{Heap before GC invocations=18 (full 3):
 PSYoungGen      total 171008K, used 157795K [0x00000000e0000000, 0x00000000ec200000, 0x0000000100000000)
  eden space 150528K, 99% used [0x00000000e0000000,0x00000000e92b1930,0x00000000e9300000)
  from space 20480K, 37% used [0x00000000eae00000,0x00000000eb5675d0,0x00000000ec200000)
  to   space 24064K, 0% used [0x00000000e9300000,0x00000000e9300000,0x00000000eaa80000)
 ParOldGen       total 100352K, used 40268K [0x00000000a0000000, 0x00000000a6200000, 0x00000000e0000000)
  object space 100352K, 40% used [0x00000000a0000000,0x00000000a2753360,0x00000000a6200000)
 Metaspace       used 59121K, capacity 60930K, committed 61056K, reserved 1101824K
  class space    used 7857K, capacity 8276K, committed 8320K, reserved 1048576K
Event: 205.865 GC heap after
Heap after GC invocations=18 (full 3):
 PSYoungGen      total 174592K, used 5312K [0x00000000e0000000, 0x00000000ee600000, 0x0000000100000000)
  eden space 150528K, 0% used [0x00000000e0000000,0x00000000e0000000,0x00000000e9300000)
  from space 24064K, 22% used [0x00000000e9300000,0x00000000e9830000,0x00000000eaa80000)
  to   space 23552K, 0% used [0x00000000ecf00000,0x00000000ecf00000,0x00000000ee600000)
 ParOldGen       total 100352K, used 40276K [0x00000000a0000000, 0x00000000a6200000, 0x00000000e0000000)
  object space 100352K, 40% used [0x00000000a0000000,0x00000000a2755360,0x00000000a6200000)
 Metaspace       used 59121K, capacity 60930K, committed 61056K, reserved 1101824K
  class space    used 7857K, capacity 8276K, committed 8320K, reserved 1048576K
}
Event: 222.530 GC heap before
{Heap before GC invocations=19 (full 3):
 PSYoungGen      total 174592K, used 155840K [0x00000000e0000000, 0x00000000ee600000, 0x0000000100000000)
  eden space 150528K, 100% used [0x00000000e0000000,0x00000000e9300000,0x00000000e9300000)
  from space 24064K, 22% used [0x00000000e9300000,0x00000000e9830000,0x00000000eaa80000)
  to   space 23552K, 0% used [0x00000000ecf00000,0x00000000ecf00000,0x00000000ee600000)
 ParOldGen       total 100352K, used 40276K [0x00000000a0000000, 0x00000000a6200000, 0x00000000e0000000)
  object space 100352K, 40% used [0x00000000a0000000,0x00000000a2755360,0x00000000a6200000)
 Metaspace       used 62377K, capacity 64340K, committed 64512K, reserved 1105920K
  class space    used 8193K, capacity 8639K, committed 8704K, reserved 1048576K
Event: 222.550 GC heap after
Heap after GC invocations=19 (full 3):
 PSYoungGen      total 199680K, used 11102K [0x00000000e0000000, 0x00000000edf00000, 0x0000000100000000)
  eden space 183296K, 0% used [0x00000000e0000000,0x00000000e0000000,0x00000000eb300000)
  from space 16384K, 67% used [0x00000000ecf00000,0x00000000ed9d7bb8,0x00000000edf00000)
  to   space 22528K, 0% used [0x00000000eb300000,0x00000000eb300000,0x00000000ec900000)
 ParOldGen       total 100352K, used 40284K [0x00000000a0000000, 0x00000000a6200000, 0x00000000e0000000)
  object space 100352K, 40% used [0x00000000a0000000,0x00000000a2757360,0x00000000a6200000)
 Metaspace       used 62377K, capacity 64340K, committed 64512K, reserved 1105920K
  class space    used 8193K, capacity 8639K, committed 8704K, reserved 1048576K
}

